[ 2024-10-26 15:45:38,543 ] - 97 - werkzeug - INFO - [31m[1mWARNING: This is a development server. Do not use it in a production deployment. Use a production WSGI server instead.[0m
 * Running on all addresses (0.0.0.0)
 * Running on http://127.0.0.1:5000
 * Running on http://192.168.1.9:5000
[ 2024-10-26 15:45:38,544 ] - 97 - werkzeug - INFO - [33mPress CTRL+C to quit[0m
[ 2024-10-26 15:45:38,551 ] - 97 - werkzeug - INFO -  * Restarting with stat
[ 2024-10-26 15:51:10,227 ] - 97 - werkzeug - INFO -  * Restarting with stat
[ 2024-10-26 15:51:23,435 ] - 97 - werkzeug - INFO -  * Restarting with stat
[ 2024-10-26 15:51:55,477 ] - 97 - werkzeug - INFO -  * Restarting with stat
[ 2024-10-26 15:52:49,230 ] - 97 - werkzeug - INFO -  * Restarting with stat
[ 2024-10-26 15:55:54,562 ] - 97 - werkzeug - INFO -  * Restarting with stat
[ 2024-10-26 15:57:43,646 ] - 97 - werkzeug - INFO -  * Restarting with stat
[ 2024-10-26 15:59:57,820 ] - 97 - werkzeug - INFO -  * Restarting with stat
[ 2024-10-26 16:00:08,124 ] - 97 - werkzeug - INFO -  * Restarting with stat
[ 2024-10-26 16:01:23,139 ] - 97 - werkzeug - INFO -  * Restarting with stat
[ 2024-10-26 16:07:19,413 ] - 97 - werkzeug - INFO -  * Restarting with stat
[ 2024-10-26 16:10:45,254 ] - 97 - werkzeug - INFO -  * Restarting with stat
[ 2024-10-26 16:14:13,860 ] - 97 - werkzeug - INFO -  * Restarting with stat
[ 2024-10-26 16:15:22,779 ] - 97 - werkzeug - INFO -  * Restarting with stat
[ 2024-10-26 16:16:25,601 ] - 97 - werkzeug - INFO -  * Restarting with stat
